# JRE version: Java(TM) SE Runtime Environment (8.0_202-b08) (build 1.8.0_202-b08)
# Java VM: Java HotSpot(TM) 64-Bit Server VM (25.202-b08 mixed mode windows-amd64 compressed oops)
Heap:
 PSYoungGen      total 122368K, used 70083K [0x0000000775f80000, 0x000000077ed00000, 0x00000007c0000000)
  eden space 113152K, 61% used [0x0000000775f80000,0x000000077a3f0c78,0x000000077ce00000)
  from space 9216K, 0% used [0x000000077ce00000,0x000000077ce00000,0x000000077d700000)
  to   space 12800K, 0% used [0x000000077e080000,0x000000077e080000,0x000000077ed00000)
 ParOldGen       total 92672K, used 12105K [0x00000006e1e00000, 0x00000006e7880000, 0x0000000775f80000)
  object space 92672K, 13% used [0x00000006e1e00000,0x00000006e29d2508,0x00000006e7880000)
 Metaspace       used 43971K, capacity 46182K, committed 46552K, reserved 1089536K
  class space    used 5973K, capacity 6363K, committed 6400K, reserved 1048576K
GC Heap History (10 events):
Event: 5.739 GC heap before
{Heap before GC invocations=10 (full 3):
 PSYoungGen      total 122368K, used 6822K [0x0000000775f80000, 0x000000077f680000, 0x00000007c0000000)
  eden space 113152K, 0% used [0x0000000775f80000,0x0000000775f80000,0x000000077ce00000)
  from space 9216K, 74% used [0x000000077ce00000,0x000000077d4a9a88,0x000000077d700000)
  to   space 10240K, 0% used [0x000000077ec80000,0x000000077ec80000,0x000000077f680000)
 ParOldGen       total 92672K, used 14417K [0x00000006e1e00000, 0x00000006e7880000, 0x0000000775f80000)
  object space 92672K, 15% used [0x00000006e1e00000,0x00000006e2c14680,0x00000006e7880000)
 Metaspace       used 39384K, capacity 41620K, committed 41816K, reserved 1089536K
  class space    used 5258K, capacity 5654K, committed 5760K, reserved 1048576K
Event: 5.864 GC heap after
Heap after GC invocations=10 (full 3):
 PSYoungGen      total 122368K, used 0K [0x0000000775f80000, 0x000000077f680000, 0x00000007c0000000)
  eden space 113152K, 0% used [0x0000000775f80000,0x0000000775f80000,0x000000077ce00000)
  from space 9216K, 0% used [0x000000077ce00000,0x000000077ce00000,0x000000077d700000)
  to   space 10240K, 0% used [0x000000077ec80000,0x000000077ec80000,0x000000077f680000)
 ParOldGen       total 92672K, used 18459K [0x00000006e1e00000, 0x00000006e7880000, 0x0000000775f80000)
  object space 92672K, 19% used [0x00000006e1e00000,0x00000006e3006c70,0x00000006e7880000)
 Metaspace       used 39384K, capacity 41620K, committed 41816K, reserved 1087488K
  class space    used 5258K, capacity 5654K, committed 5760K, reserved 1048576K
}
Event: 5.866 GC heap before
{Heap before GC invocations=11 (full 3):
 PSYoungGen      total 122368K, used 4371K [0x0000000775f80000, 0x000000077f680000, 0x00000007c0000000)
  eden space 113152K, 3% used [0x0000000775f80000,0x00000007763c4d28,0x000000077ce00000)
  from space 9216K, 0% used [0x000000077ce00000,0x000000077ce00000,0x000000077d700000)
  to   space 10240K, 0% used [0x000000077ec80000,0x000000077ec80000,0x000000077f680000)
 ParOldGen       total 92672K, used 18459K [0x00000006e1e00000, 0x00000006e7880000, 0x0000000775f80000)
  object space 92672K, 19% used [0x00000006e1e00000,0x00000006e3006c70,0x00000006e7880000)
 Metaspace       used 39386K, capacity 41620K, committed 41816K, reserved 1091584K
  class space    used 5259K, capacity 5654K, committed 5760K, reserved 1048576K
Event: 5.868 GC heap after
Heap after GC invocations=11 (full 3):
 PSYoungGen      total 123392K, used 128K [0x0000000775f80000, 0x000000077f680000, 0x00000007c0000000)
  eden space 113152K, 0% used [0x0000000775f80000,0x0000000775f80000,0x000000077ce00000)
  from space 10240K, 1% used [0x000000077ec80000,0x000000077eca0000,0x000000077f680000)
  to   space 9216K, 0% used [0x000000077ce00000,0x000000077ce00000,0x000000077d700000)
 ParOldGen       total 92672K, used 18459K [0x00000006e1e00000, 0x00000006e7880000, 0x0000000775f80000)
  object space 92672K, 19% used [0x00000006e1e00000,0x00000006e3006c70,0x00000006e7880000)
 Metaspace       used 39386K, capacity 41620K, committed 41816K, reserved 1091584K
  class space    used 5259K, capacity 5654K, committed 5760K, reserved 1048576K
}
Event: 5.868 GC heap before
{Heap before GC invocations=12 (full 4):
 PSYoungGen      total 123392K, used 128K [0x0000000775f80000, 0x000000077f680000, 0x00000007c0000000)
  eden space 113152K, 0% used [0x0000000775f80000,0x0000000775f80000,0x000000077ce00000)
  from space 10240K, 1% used [0x000000077ec80000,0x000000077eca0000,0x000000077f680000)
  to   space 9216K, 0% used [0x000000077ce00000,0x000000077ce00000,0x000000077d700000)
 ParOldGen       total 92672K, used 18459K [0x00000006e1e00000, 0x00000006e7880000, 0x0000000775f80000)
  object space 92672K, 19% used [0x00000006e1e00000,0x00000006e3006c70,0x00000006e7880000)
 Metaspace       used 39386K, capacity 41620K, committed 41816K, reserved 1091584K
  class space    used 5259K, capacity 5654K, committed 5760K, reserved 1048576K
Event: 5.906 GC heap after
Heap after GC invocations=12 (full 4):
 PSYoungGen      total 123392K, used 0K [0x0000000775f80000, 0x000000077f680000, 0x00000007c0000000)
  eden space 113152K, 0% used [0x0000000775f80000,0x0000000775f80000,0x000000077ce00000)
  from space 10240K, 0% used [0x000000077ec80000,0x000000077ec80000,0x000000077f680000)
  to   space 9216K, 0% used [0x000000077ce00000,0x000000077ce00000,0x000000077d700000)
 ParOldGen       total 92672K, used 15080K [0x00000006e1e00000, 0x00000006e7880000, 0x0000000775f80000)
  object space 92672K, 16% used [0x00000006e1e00000,0x00000006e2cba128,0x00000006e7880000)
 Metaspace       used 39386K, capacity 41620K, committed 41816K, reserved 1087488K
  class space    used 5259K, capacity 5654K, committed 5760K, reserved 1048576K
}
Event: 5.906 GC heap before
{Heap before GC invocations=13 (full 4):
 PSYoungGen      total 123392K, used 0K [0x0000000775f80000, 0x000000077f680000, 0x00000007c0000000)
  eden space 113152K, 0% used [0x0000000775f80000,0x0000000775f80000,0x000000077ce00000)
  from space 10240K, 0% used [0x000000077ec80000,0x000000077ec80000,0x000000077f680000)
  to   space 9216K, 0% used [0x000000077ce00000,0x000000077ce00000,0x000000077d700000)
 ParOldGen       total 92672K, used 15080K [0x00000006e1e00000, 0x00000006e7880000, 0x0000000775f80000)
  object space 92672K, 16% used [0x00000006e1e00000,0x00000006e2cba128,0x00000006e7880000)
 Metaspace       used 39386K, capacity 41620K, committed 41816K, reserved 1091584K
  class space    used 5259K, capacity 5654K, committed 5760K, reserved 1048576K
Event: 5.909 GC heap after
Heap after GC invocations=13 (full 4):
 PSYoungGen      total 122368K, used 0K [0x0000000775f80000, 0x000000077ed00000, 0x00000007c0000000)
  eden space 113152K, 0% used [0x0000000775f80000,0x0000000775f80000,0x000000077ce00000)
  from space 9216K, 0% used [0x000000077ce00000,0x000000077ce00000,0x000000077d700000)
  to   space 12800K, 0% used [0x000000077e080000,0x000000077e080000,0x000000077ed00000)
 ParOldGen       total 92672K, used 15080K [0x00000006e1e00000, 0x00000006e7880000, 0x0000000775f80000)
  object space 92672K, 16% used [0x00000006e1e00000,0x00000006e2cba128,0x00000006e7880000)
 Metaspace       used 39386K, capacity 41620K, committed 41816K, reserved 1091584K
  class space    used 5259K, capacity 5654K, committed 5760K, reserved 1048576K
}
Event: 5.909 GC heap before
{Heap before GC invocations=14 (full 5):
 PSYoungGen      total 122368K, used 0K [0x0000000775f80000, 0x000000077ed00000, 0x00000007c0000000)
  eden space 113152K, 0% used [0x0000000775f80000,0x0000000775f80000,0x000000077ce00000)
  from space 9216K, 0% used [0x000000077ce00000,0x000000077ce00000,0x000000077d700000)
  to   space 12800K, 0% used [0x000000077e080000,0x000000077e080000,0x000000077ed00000)
 ParOldGen       total 92672K, used 15080K [0x00000006e1e00000, 0x00000006e7880000, 0x0000000775f80000)
  object space 92672K, 16% used [0x00000006e1e00000,0x00000006e2cba128,0x00000006e7880000)
 Metaspace       used 39386K, capacity 41620K, committed 41816K, reserved 1091584K
  class space    used 5259K, capacity 5654K, committed 5760K, reserved 1048576K
Event: 5.990 GC heap after
Heap after GC invocations=14 (full 5):
 PSYoungGen      total 122368K, used 0K [0x0000000775f80000, 0x000000077ed00000, 0x00000007c0000000)
  eden space 113152K, 0% used [0x0000000775f80000,0x0000000775f80000,0x000000077ce00000)
  from space 9216K, 0% used [0x000000077ce00000,0x000000077ce00000,0x000000077d700000)
  to   space 12800K, 0% used [0x000000077e080000,0x000000077e080000,0x000000077ed00000)
 ParOldGen       total 92672K, used 12105K [0x00000006e1e00000, 0x00000006e7880000, 0x0000000775f80000)
  object space 92672K, 13% used [0x00000006e1e00000,0x00000006e29d2508,0x00000006e7880000)
 Metaspace       used 39245K, capacity 41392K, committed 41816K, reserved 1087488K
  class space    used 5233K, capacity 5608K, committed 5760K, reserved 1048576K
}

