# JRE version: Java(TM) SE Runtime Environment (8.0_202-b08) (build 1.8.0_202-b08)
# Java VM: Java HotSpot(TM) 64-Bit Server VM (25.202-b08 mixed mode windows-amd64 compressed oops)
Heap:
 PSYoungGen      total 93696K, used 28617K [0x0000000775f80000, 0x000000077c680000, 0x00000007c0000000)
  eden space 84992K, 29% used [0x0000000775f80000,0x000000077784cc60,0x000000077b280000)
  from space 8704K, 37% used [0x000000077bc80000,0x000000077bfa5a38,0x000000077c500000)
  to   space 10240K, 0% used [0x000000077b280000,0x000000077b280000,0x000000077bc80000)
 ParOldGen       total 87552K, used 9638K [0x00000006e1e00000, 0x00000006e7380000, 0x0000000775f80000)
  object space 87552K, 11% used [0x00000006e1e00000,0x00000006e2769808,0x00000006e7380000)
 Metaspace       used 29734K, capacity 31899K, committed 32256K, reserved 1079296K
  class space    used 3864K, capacity 4244K, committed 4352K, reserved 1048576K
GC Heap History (10 events):
Event: 2.963 GC heap before
{Heap before GC invocations=6 (full 1):
 PSYoungGen      total 67072K, used 61630K [0x0000000775f80000, 0x000000077c880000, 0x00000007c0000000)
  eden space 57856K, 100% used [0x0000000775f80000,0x0000000779800000,0x0000000779800000)
  from space 9216K, 40% used [0x000000077a100000,0x000000077a4af8e8,0x000000077aa00000)
  to   space 9216K, 0% used [0x0000000779800000,0x0000000779800000,0x000000077a100000)
 ParOldGen       total 87552K, used 5248K [0x00000006e1e00000, 0x00000006e7380000, 0x0000000775f80000)
  object space 87552K, 5% used [0x00000006e1e00000,0x00000006e2320170,0x00000006e7380000)
 Metaspace       used 21451K, capacity 22524K, committed 22784K, reserved 1071104K
  class space    used 2706K, capacity 2947K, committed 3072K, reserved 1048576K
Event: 2.967 GC heap after
Heap after GC invocations=6 (full 1):
 PSYoungGen      total 67072K, used 5017K [0x0000000775f80000, 0x000000077c500000, 0x00000007c0000000)
  eden space 57856K, 0% used [0x0000000775f80000,0x0000000775f80000,0x0000000779800000)
  from space 9216K, 54% used [0x0000000779800000,0x0000000779ce6420,0x000000077a100000)
  to   space 8704K, 0% used [0x000000077bc80000,0x000000077bc80000,0x000000077c500000)
 ParOldGen       total 87552K, used 5256K [0x00000006e1e00000, 0x00000006e7380000, 0x0000000775f80000)
  object space 87552K, 6% used [0x00000006e1e00000,0x00000006e2322170,0x00000006e7380000)
 Metaspace       used 21451K, capacity 22524K, committed 22784K, reserved 1071104K
  class space    used 2706K, capacity 2947K, committed 3072K, reserved 1048576K
}
Event: 3.928 GC heap before
{Heap before GC invocations=7 (full 1):
 PSYoungGen      total 67072K, used 62873K [0x0000000775f80000, 0x000000077c500000, 0x00000007c0000000)
  eden space 57856K, 100% used [0x0000000775f80000,0x0000000779800000,0x0000000779800000)
  from space 9216K, 54% used [0x0000000779800000,0x0000000779ce6420,0x000000077a100000)
  to   space 8704K, 0% used [0x000000077bc80000,0x000000077bc80000,0x000000077c500000)
 ParOldGen       total 87552K, used 5256K [0x00000006e1e00000, 0x00000006e7380000, 0x0000000775f80000)
  object space 87552K, 6% used [0x00000006e1e00000,0x00000006e2322170,0x00000006e7380000)
 Metaspace       used 25741K, capacity 27338K, committed 27520K, reserved 1075200K
  class space    used 3346K, capacity 3659K, committed 3712K, reserved 1048576K
Event: 3.936 GC heap after
Heap after GC invocations=7 (full 1):
 PSYoungGen      total 93696K, used 8683K [0x0000000775f80000, 0x000000077c680000, 0x00000007c0000000)
  eden space 84992K, 0% used [0x0000000775f80000,0x0000000775f80000,0x000000077b280000)
  from space 8704K, 99% used [0x000000077bc80000,0x000000077c4fad40,0x000000077c500000)
  to   space 10240K, 0% used [0x000000077b280000,0x000000077b280000,0x000000077bc80000)
 ParOldGen       total 87552K, used 5264K [0x00000006e1e00000, 0x00000006e7380000, 0x0000000775f80000)
  object space 87552K, 6% used [0x00000006e1e00000,0x00000006e2324170,0x00000006e7380000)
 Metaspace       used 25741K, capacity 27338K, committed 27520K, reserved 1075200K
  class space    used 3346K, capacity 3659K, committed 3712K, reserved 1048576K
}
Event: 4.101 GC heap before
{Heap before GC invocations=8 (full 1):
 PSYoungGen      total 93696K, used 17301K [0x0000000775f80000, 0x000000077c680000, 0x00000007c0000000)
  eden space 84992K, 10% used [0x0000000775f80000,0x00000007767eaab0,0x000000077b280000)
  from space 8704K, 99% used [0x000000077bc80000,0x000000077c4fad40,0x000000077c500000)
  to   space 10240K, 0% used [0x000000077b280000,0x000000077b280000,0x000000077bc80000)
 ParOldGen       total 87552K, used 5264K [0x00000006e1e00000, 0x00000006e7380000, 0x0000000775f80000)
  object space 87552K, 6% used [0x00000006e1e00000,0x00000006e2324170,0x00000006e7380000)
 Metaspace       used 26682K, capacity 28557K, committed 28588K, reserved 1075200K
  class space    used 3487K, capacity 3809K, committed 3840K, reserved 1048576K
Event: 4.110 GC heap after
Heap after GC invocations=8 (full 1):
 PSYoungGen      total 95232K, used 5874K [0x0000000775f80000, 0x000000077c680000, 0x00000007c0000000)
  eden space 84992K, 0% used [0x0000000775f80000,0x0000000775f80000,0x000000077b280000)
  from space 10240K, 57% used [0x000000077b280000,0x000000077b83cbe0,0x000000077bc80000)
  to   space 8704K, 0% used [0x000000077bc80000,0x000000077bc80000,0x000000077c500000)
 ParOldGen       total 87552K, used 5272K [0x00000006e1e00000, 0x00000006e7380000, 0x0000000775f80000)
  object space 87552K, 6% used [0x00000006e1e00000,0x00000006e2326170,0x00000006e7380000)
 Metaspace       used 26682K, capacity 28557K, committed 28588K, reserved 1075200K
  class space    used 3487K, capacity 3809K, committed 3840K, reserved 1048576K
}
Event: 4.110 GC heap before
{Heap before GC invocations=9 (full 2):
 PSYoungGen      total 95232K, used 5874K [0x0000000775f80000, 0x000000077c680000, 0x00000007c0000000)
  eden space 84992K, 0% used [0x0000000775f80000,0x0000000775f80000,0x000000077b280000)
  from space 10240K, 57% used [0x000000077b280000,0x000000077b83cbe0,0x000000077bc80000)
  to   space 8704K, 0% used [0x000000077bc80000,0x000000077bc80000,0x000000077c500000)
 ParOldGen       total 87552K, used 5272K [0x00000006e1e00000, 0x00000006e7380000, 0x0000000775f80000)
  object space 87552K, 6% used [0x00000006e1e00000,0x00000006e2326170,0x00000006e7380000)
 Metaspace       used 26682K, capacity 28557K, committed 28588K, reserved 1075200K
  class space    used 3487K, capacity 3809K, committed 3840K, reserved 1048576K
Event: 4.154 GC heap after
Heap after GC invocations=9 (full 2):
 PSYoungGen      total 95232K, used 0K [0x0000000775f80000, 0x000000077c680000, 0x00000007c0000000)
  eden space 84992K, 0% used [0x0000000775f80000,0x0000000775f80000,0x000000077b280000)
  from space 10240K, 0% used [0x000000077b280000,0x000000077b280000,0x000000077bc80000)
  to   space 8704K, 0% used [0x000000077bc80000,0x000000077bc80000,0x000000077c500000)
 ParOldGen       total 87552K, used 9630K [0x00000006e1e00000, 0x00000006e7380000, 0x0000000775f80000)
  object space 87552K, 10% used [0x00000006e1e00000,0x00000006e2767808,0x00000006e7380000)
 Metaspace       used 26682K, capacity 28557K, committed 28588K, reserved 1075200K
  class space    used 3487K, capacity 3809K, committed 3840K, reserved 1048576K
}
Event: 4.710 GC heap before
{Heap before GC invocations=10 (full 2):
 PSYoungGen      total 95232K, used 84966K [0x0000000775f80000, 0x000000077c680000, 0x00000007c0000000)
  eden space 84992K, 99% used [0x0000000775f80000,0x000000077b279ba8,0x000000077b280000)
  from space 10240K, 0% used [0x000000077b280000,0x000000077b280000,0x000000077bc80000)
  to   space 8704K, 0% used [0x000000077bc80000,0x000000077bc80000,0x000000077c500000)
 ParOldGen       total 87552K, used 9630K [0x00000006e1e00000, 0x00000006e7380000, 0x0000000775f80000)
  object space 87552K, 10% used [0x00000006e1e00000,0x00000006e2767808,0x00000006e7380000)
 Metaspace       used 29203K, capacity 31293K, committed 31616K, reserved 1079296K
  class space    used 3787K, capacity 4145K, committed 4224K, reserved 1048576K
Event: 4.713 GC heap after
Heap after GC invocations=10 (full 2):
 PSYoungGen      total 93696K, used 3222K [0x0000000775f80000, 0x000000077c680000, 0x00000007c0000000)
  eden space 84992K, 0% used [0x0000000775f80000,0x0000000775f80000,0x000000077b280000)
  from space 8704K, 37% used [0x000000077bc80000,0x000000077bfa5a38,0x000000077c500000)
  to   space 10240K, 0% used [0x000000077b280000,0x000000077b280000,0x000000077bc80000)
 ParOldGen       total 87552K, used 9638K [0x00000006e1e00000, 0x00000006e7380000, 0x0000000775f80000)
  object space 87552K, 11% used [0x00000006e1e00000,0x00000006e2769808,0x00000006e7380000)
 Metaspace       used 29203K, capacity 31293K, committed 31616K, reserved 1079296K
  class space    used 3787K, capacity 4145K, committed 4224K, reserved 1048576K
}

