# JRE version: Java(TM) SE Runtime Environment (8.0_202-b08) (build 1.8.0_202-b08)
# Java VM: Java HotSpot(TM) 64-Bit Server VM (25.202-b08 mixed mode windows-amd64 compressed oops)
Heap:
 PSYoungGen      total 92160K, used 33862K [0x0000000775f80000, 0x000000077c580000, 0x00000007c0000000)
  eden space 81920K, 41% used [0x0000000775f80000,0x0000000778091be0,0x000000077af80000)
  from space 10240K, 0% used [0x000000077bb80000,0x000000077bb80000,0x000000077c580000)
  to   space 11264K, 0% used [0x000000077af80000,0x000000077af80000,0x000000077ba80000)
 ParOldGen       total 94720K, used 14933K [0x00000006e1e00000, 0x00000006e7a80000, 0x0000000775f80000)
  object space 94720K, 15% used [0x00000006e1e00000,0x00000006e2c956f8,0x00000006e7a80000)
 Metaspace       used 37211K, capacity 39505K, committed 39680K, reserved 1083392K
  class space    used 4859K, capacity 5281K, committed 5376K, reserved 1048576K
GC Heap History (10 events):
Event: 3.682 GC heap before
{Heap before GC invocations=6 (full 1):
 PSYoungGen      total 67072K, used 57856K [0x0000000775f80000, 0x000000077aa00000, 0x00000007c0000000)
  eden space 57856K, 100% used [0x0000000775f80000,0x0000000779800000,0x0000000779800000)
  from space 9216K, 0% used [0x000000077a100000,0x000000077a100000,0x000000077aa00000)
  to   space 9216K, 0% used [0x0000000779800000,0x0000000779800000,0x000000077a100000)
 ParOldGen       total 94720K, used 6998K [0x00000006e1e00000, 0x00000006e7a80000, 0x0000000775f80000)
  object space 94720K, 7% used [0x00000006e1e00000,0x00000006e24d5ae0,0x00000006e7a80000)
 Metaspace       used 23367K, capacity 24804K, committed 25088K, reserved 1071104K
  class space    used 2990K, capacity 3258K, committed 3328K, reserved 1048576K
Event: 3.687 GC heap after
Heap after GC invocations=6 (full 1):
 PSYoungGen      total 67072K, used 5387K [0x0000000775f80000, 0x000000077c600000, 0x00000007c0000000)
  eden space 57856K, 0% used [0x0000000775f80000,0x0000000775f80000,0x0000000779800000)
  from space 9216K, 58% used [0x0000000779800000,0x0000000779d42f00,0x000000077a100000)
  to   space 10752K, 0% used [0x000000077bb80000,0x000000077bb80000,0x000000077c600000)
 ParOldGen       total 94720K, used 7006K [0x00000006e1e00000, 0x00000006e7a80000, 0x0000000775f80000)
  object space 94720K, 7% used [0x00000006e1e00000,0x00000006e24d7ae0,0x00000006e7a80000)
 Metaspace       used 23367K, capacity 24804K, committed 25088K, reserved 1071104K
  class space    used 2990K, capacity 3258K, committed 3328K, reserved 1048576K
}
Event: 4.991 GC heap before
{Heap before GC invocations=7 (full 1):
 PSYoungGen      total 67072K, used 63232K [0x0000000775f80000, 0x000000077c600000, 0x00000007c0000000)
  eden space 57856K, 99% used [0x0000000775f80000,0x00000007797fd4a8,0x0000000779800000)
  from space 9216K, 58% used [0x0000000779800000,0x0000000779d42f00,0x000000077a100000)
  to   space 10752K, 0% used [0x000000077bb80000,0x000000077bb80000,0x000000077c600000)
 ParOldGen       total 94720K, used 7006K [0x00000006e1e00000, 0x00000006e7a80000, 0x0000000775f80000)
  object space 94720K, 7% used [0x00000006e1e00000,0x00000006e24d7ae0,0x00000006e7a80000)
 Metaspace       used 28719K, capacity 30776K, committed 31104K, reserved 1077248K
  class space    used 3730K, capacity 4106K, committed 4224K, reserved 1048576K
Event: 5.001 GC heap after
Heap after GC invocations=7 (full 1):
 PSYoungGen      total 92160K, used 8771K [0x0000000775f80000, 0x000000077c580000, 0x00000007c0000000)
  eden space 81920K, 0% used [0x0000000775f80000,0x0000000775f80000,0x000000077af80000)
  from space 10240K, 85% used [0x000000077bb80000,0x000000077c410d60,0x000000077c580000)
  to   space 11264K, 0% used [0x000000077af80000,0x000000077af80000,0x000000077ba80000)
 ParOldGen       total 94720K, used 7014K [0x00000006e1e00000, 0x00000006e7a80000, 0x0000000775f80000)
  object space 94720K, 7% used [0x00000006e1e00000,0x00000006e24d9ae0,0x00000006e7a80000)
 Metaspace       used 28719K, capacity 30776K, committed 31104K, reserved 1077248K
  class space    used 3730K, capacity 4106K, committed 4224K, reserved 1048576K
}
Event: 5.192 GC heap before
{Heap before GC invocations=8 (full 1):
 PSYoungGen      total 92160K, used 90691K [0x0000000775f80000, 0x000000077c580000, 0x00000007c0000000)
  eden space 81920K, 100% used [0x0000000775f80000,0x000000077af80000,0x000000077af80000)
  from space 10240K, 85% used [0x000000077bb80000,0x000000077c410d60,0x000000077c580000)
  to   space 11264K, 0% used [0x000000077af80000,0x000000077af80000,0x000000077ba80000)
 ParOldGen       total 94720K, used 7014K [0x00000006e1e00000, 0x00000006e7a80000, 0x0000000775f80000)
  object space 94720K, 7% used [0x00000006e1e00000,0x00000006e24d9ae0,0x00000006e7a80000)
 Metaspace       used 29322K, capacity 31354K, committed 31616K, reserved 1077248K
  class space    used 3788K, capacity 4145K, committed 4224K, reserved 1048576K
Event: 5.204 GC heap after
Heap after GC invocations=8 (full 1):
 PSYoungGen      total 93184K, used 5880K [0x0000000775f80000, 0x000000077c580000, 0x00000007c0000000)
  eden space 81920K, 0% used [0x0000000775f80000,0x0000000775f80000,0x000000077af80000)
  from space 11264K, 52% used [0x000000077af80000,0x000000077b53e0f8,0x000000077ba80000)
  to   space 10240K, 0% used [0x000000077bb80000,0x000000077bb80000,0x000000077c580000)
 ParOldGen       total 94720K, used 7014K [0x00000006e1e00000, 0x00000006e7a80000, 0x0000000775f80000)
  object space 94720K, 7% used [0x00000006e1e00000,0x00000006e24d9ae0,0x00000006e7a80000)
 Metaspace       used 29322K, capacity 31354K, committed 31616K, reserved 1077248K
  class space    used 3788K, capacity 4145K, committed 4224K, reserved 1048576K
}
Event: 6.205 GC heap before
{Heap before GC invocations=9 (full 1):
 PSYoungGen      total 93184K, used 40493K [0x0000000775f80000, 0x000000077c580000, 0x00000007c0000000)
  eden space 81920K, 42% used [0x0000000775f80000,0x000000077814d6d8,0x000000077af80000)
  from space 11264K, 52% used [0x000000077af80000,0x000000077b53e0f8,0x000000077ba80000)
  to   space 10240K, 0% used [0x000000077bb80000,0x000000077bb80000,0x000000077c580000)
 ParOldGen       total 94720K, used 7014K [0x00000006e1e00000, 0x00000006e7a80000, 0x0000000775f80000)
  object space 94720K, 7% used [0x00000006e1e00000,0x00000006e24d9ae0,0x00000006e7a80000)
 Metaspace       used 33121K, capacity 35365K, committed 35416K, reserved 1079296K
  class space    used 4287K, capacity 4685K, committed 4736K, reserved 1048576K
Event: 6.215 GC heap after
Heap after GC invocations=9 (full 1):
 PSYoungGen      total 92160K, used 10023K [0x0000000775f80000, 0x000000077c580000, 0x00000007c0000000)
  eden space 81920K, 0% used [0x0000000775f80000,0x0000000775f80000,0x000000077af80000)
  from space 10240K, 97% used [0x000000077bb80000,0x000000077c549fc0,0x000000077c580000)
  to   space 11264K, 0% used [0x000000077af80000,0x000000077af80000,0x000000077ba80000)
 ParOldGen       total 94720K, used 7022K [0x00000006e1e00000, 0x00000006e7a80000, 0x0000000775f80000)
  object space 94720K, 7% used [0x00000006e1e00000,0x00000006e24dbae0,0x00000006e7a80000)
 Metaspace       used 33121K, capacity 35365K, committed 35416K, reserved 1079296K
  class space    used 4287K, capacity 4685K, committed 4736K, reserved 1048576K
}
Event: 6.215 GC heap before
{Heap before GC invocations=10 (full 2):
 PSYoungGen      total 92160K, used 10023K [0x0000000775f80000, 0x000000077c580000, 0x00000007c0000000)
  eden space 81920K, 0% used [0x0000000775f80000,0x0000000775f80000,0x000000077af80000)
  from space 10240K, 97% used [0x000000077bb80000,0x000000077c549fc0,0x000000077c580000)
  to   space 11264K, 0% used [0x000000077af80000,0x000000077af80000,0x000000077ba80000)
 ParOldGen       total 94720K, used 7022K [0x00000006e1e00000, 0x00000006e7a80000, 0x0000000775f80000)
  object space 94720K, 7% used [0x00000006e1e00000,0x00000006e24dbae0,0x00000006e7a80000)
 Metaspace       used 33121K, capacity 35365K, committed 35416K, reserved 1079296K
  class space    used 4287K, capacity 4685K, committed 4736K, reserved 1048576K
Event: 6.269 GC heap after
Heap after GC invocations=10 (full 2):
 PSYoungGen      total 92160K, used 0K [0x0000000775f80000, 0x000000077c580000, 0x00000007c0000000)
  eden space 81920K, 0% used [0x0000000775f80000,0x0000000775f80000,0x000000077af80000)
  from space 10240K, 0% used [0x000000077bb80000,0x000000077bb80000,0x000000077c580000)
  to   space 11264K, 0% used [0x000000077af80000,0x000000077af80000,0x000000077ba80000)
 ParOldGen       total 94720K, used 14933K [0x00000006e1e00000, 0x00000006e7a80000, 0x0000000775f80000)
  object space 94720K, 15% used [0x00000006e1e00000,0x00000006e2c956f8,0x00000006e7a80000)
 Metaspace       used 33121K, capacity 35365K, committed 35416K, reserved 1079296K
  class space    used 4287K, capacity 4685K, committed 4736K, reserved 1048576K
}

