# JRE version: Java(TM) SE Runtime Environment (8.0_202-b08) (build 1.8.0_202-b08)
# Java VM: Java HotSpot(TM) 64-Bit Server VM (25.202-b08 mixed mode windows-amd64 compressed oops)
Heap:
 PSYoungGen      total 321024K, used 74096K [0x0000000775f80000, 0x0000000792500000, 0x00000007c0000000)
  eden space 302080K, 24% used [0x0000000775f80000,0x000000077a7dc128,0x0000000788680000)
  from space 18944K, 0% used [0x0000000788680000,0x0000000788680000,0x0000000789900000)
  to   space 17920K, 0% used [0x0000000791380000,0x0000000791380000,0x0000000792500000)
 ParOldGen       total 144896K, used 21337K [0x00000006e1e00000, 0x00000006eab80000, 0x0000000775f80000)
  object space 144896K, 14% used [0x00000006e1e00000,0x00000006e32d6620,0x00000006eab80000)
 Metaspace       used 59472K, capacity 63154K, committed 63488K, reserved 1103872K
  class space    used 8002K, capacity 8634K, committed 8704K, reserved 1048576K
GC Heap History (10 events):
Event: 4.976 GC heap before
{Heap before GC invocations=8 (full 1):
 PSYoungGen      total 185344K, used 16251K [0x0000000775f80000, 0x0000000782280000, 0x00000007c0000000)
  eden space 172032K, 3% used [0x0000000775f80000,0x0000000776585bf0,0x0000000780780000)
  from space 13312K, 75% used [0x0000000781580000,0x0000000781f593d0,0x0000000782280000)
  to   space 13824K, 0% used [0x0000000780780000,0x0000000780780000,0x0000000781500000)
 ParOldGen       total 92160K, used 9870K [0x00000006e1e00000, 0x00000006e7800000, 0x0000000775f80000)
  object space 92160K, 10% used [0x00000006e1e00000,0x00000006e27a3b90,0x00000006e7800000)
 Metaspace       used 33164K, capacity 35397K, committed 35416K, reserved 1079296K
  class space    used 4296K, capacity 4717K, committed 4736K, reserved 1048576K
Event: 4.984 GC heap after
Heap after GC invocations=8 (full 1):
 PSYoungGen      total 185856K, used 7700K [0x0000000775f80000, 0x000000078ab00000, 0x00000007c0000000)
  eden space 172032K, 0% used [0x0000000775f80000,0x0000000775f80000,0x0000000780780000)
  from space 13824K, 55% used [0x0000000780780000,0x0000000780f05030,0x0000000781500000)
  to   space 13312K, 0% used [0x0000000789e00000,0x0000000789e00000,0x000000078ab00000)
 ParOldGen       total 92160K, used 9878K [0x00000006e1e00000, 0x00000006e7800000, 0x0000000775f80000)
  object space 92160K, 10% used [0x00000006e1e00000,0x00000006e27a5b90,0x00000006e7800000)
 Metaspace       used 33164K, capacity 35397K, committed 35416K, reserved 1079296K
  class space    used 4296K, capacity 4717K, committed 4736K, reserved 1048576K
}
Event: 4.984 GC heap before
{Heap before GC invocations=9 (full 2):
 PSYoungGen      total 185856K, used 7700K [0x0000000775f80000, 0x000000078ab00000, 0x00000007c0000000)
  eden space 172032K, 0% used [0x0000000775f80000,0x0000000775f80000,0x0000000780780000)
  from space 13824K, 55% used [0x0000000780780000,0x0000000780f05030,0x0000000781500000)
  to   space 13312K, 0% used [0x0000000789e00000,0x0000000789e00000,0x000000078ab00000)
 ParOldGen       total 92160K, used 9878K [0x00000006e1e00000, 0x00000006e7800000, 0x0000000775f80000)
  object space 92160K, 10% used [0x00000006e1e00000,0x00000006e27a5b90,0x00000006e7800000)
 Metaspace       used 33164K, capacity 35397K, committed 35416K, reserved 1079296K
  class space    used 4296K, capacity 4717K, committed 4736K, reserved 1048576K
Event: 5.038 GC heap after
Heap after GC invocations=9 (full 2):
 PSYoungGen      total 185856K, used 0K [0x0000000775f80000, 0x000000078ab00000, 0x00000007c0000000)
  eden space 172032K, 0% used [0x0000000775f80000,0x0000000775f80000,0x0000000780780000)
  from space 13824K, 0% used [0x0000000780780000,0x0000000780780000,0x0000000781500000)
  to   space 13312K, 0% used [0x0000000789e00000,0x0000000789e00000,0x000000078ab00000)
 ParOldGen       total 117760K, used 12705K [0x00000006e1e00000, 0x00000006e9100000, 0x0000000775f80000)
  object space 117760K, 10% used [0x00000006e1e00000,0x00000006e2a68588,0x00000006e9100000)
 Metaspace       used 33164K, capacity 35397K, committed 35416K, reserved 1079296K
  class space    used 4296K, capacity 4717K, committed 4736K, reserved 1048576K
}
Event: 7.995 GC heap before
{Heap before GC invocations=10 (full 2):
 PSYoungGen      total 185856K, used 172032K [0x0000000775f80000, 0x000000078ab00000, 0x00000007c0000000)
  eden space 172032K, 100% used [0x0000000775f80000,0x0000000780780000,0x0000000780780000)
  from space 13824K, 0% used [0x0000000780780000,0x0000000780780000,0x0000000781500000)
  to   space 13312K, 0% used [0x0000000789e00000,0x0000000789e00000,0x000000078ab00000)
 ParOldGen       total 117760K, used 12705K [0x00000006e1e00000, 0x00000006e9100000, 0x0000000775f80000)
  object space 117760K, 10% used [0x00000006e1e00000,0x00000006e2a68588,0x00000006e9100000)
 Metaspace       used 52627K, capacity 55827K, committed 55936K, reserved 1097728K
  class space    used 7191K, capacity 7730K, committed 7808K, reserved 1048576K
Event: 8.026 GC heap after
Heap after GC invocations=10 (full 2):
 PSYoungGen      total 315392K, used 13310K [0x0000000775f80000, 0x000000078ab80000, 0x00000007c0000000)
  eden space 302080K, 0% used [0x0000000775f80000,0x0000000775f80000,0x0000000788680000)
  from space 13312K, 99% used [0x0000000789e00000,0x000000078aaffa68,0x000000078ab00000)
  to   space 18944K, 0% used [0x0000000788680000,0x0000000788680000,0x0000000789900000)
 ParOldGen       total 117760K, used 21616K [0x00000006e1e00000, 0x00000006e9100000, 0x0000000775f80000)
  object space 117760K, 18% used [0x00000006e1e00000,0x00000006e331c1b0,0x00000006e9100000)
 Metaspace       used 52627K, capacity 55827K, committed 55936K, reserved 1097728K
  class space    used 7191K, capacity 7730K, committed 7808K, reserved 1048576K
}
Event: 115.191 GC heap before
{Heap before GC invocations=11 (full 2):
 PSYoungGen      total 315392K, used 97767K [0x0000000775f80000, 0x000000078ab80000, 0x00000007c0000000)
  eden space 302080K, 27% used [0x0000000775f80000,0x000000077b1fa2b0,0x0000000788680000)
  from space 13312K, 99% used [0x0000000789e00000,0x000000078aaffa68,0x000000078ab00000)
  to   space 18944K, 0% used [0x0000000788680000,0x0000000788680000,0x0000000789900000)
 ParOldGen       total 117760K, used 21616K [0x00000006e1e00000, 0x00000006e9100000, 0x0000000775f80000)
  object space 117760K, 18% used [0x00000006e1e00000,0x00000006e331c1b0,0x00000006e9100000)
 Metaspace       used 55493K, capacity 58982K, committed 59028K, reserved 1099776K
  class space    used 7568K, capacity 8146K, committed 8192K, reserved 1048576K
Event: 115.206 GC heap after
Heap after GC invocations=11 (full 2):
 PSYoungGen      total 321024K, used 10442K [0x0000000775f80000, 0x0000000792500000, 0x00000007c0000000)
  eden space 302080K, 0% used [0x0000000775f80000,0x0000000775f80000,0x0000000788680000)
  from space 18944K, 55% used [0x0000000788680000,0x00000007890b2890,0x0000000789900000)
  to   space 17920K, 0% used [0x0000000791380000,0x0000000791380000,0x0000000792500000)
 ParOldGen       total 117760K, used 21635K [0x00000006e1e00000, 0x00000006e9100000, 0x0000000775f80000)
  object space 117760K, 18% used [0x00000006e1e00000,0x00000006e3320e00,0x00000006e9100000)
 Metaspace       used 55493K, capacity 58982K, committed 59028K, reserved 1099776K
  class space    used 7568K, capacity 8146K, committed 8192K, reserved 1048576K
}
Event: 115.206 GC heap before
{Heap before GC invocations=12 (full 3):
 PSYoungGen      total 321024K, used 10442K [0x0000000775f80000, 0x0000000792500000, 0x00000007c0000000)
  eden space 302080K, 0% used [0x0000000775f80000,0x0000000775f80000,0x0000000788680000)
  from space 18944K, 55% used [0x0000000788680000,0x00000007890b2890,0x0000000789900000)
  to   space 17920K, 0% used [0x0000000791380000,0x0000000791380000,0x0000000792500000)
 ParOldGen       total 117760K, used 21635K [0x00000006e1e00000, 0x00000006e9100000, 0x0000000775f80000)
  object space 117760K, 18% used [0x00000006e1e00000,0x00000006e3320e00,0x00000006e9100000)
 Metaspace       used 55493K, capacity 58982K, committed 59028K, reserved 1099776K
  class space    used 7568K, capacity 8146K, committed 8192K, reserved 1048576K
Event: 115.345 GC heap after
Heap after GC invocations=12 (full 3):
 PSYoungGen      total 321024K, used 0K [0x0000000775f80000, 0x0000000792500000, 0x00000007c0000000)
  eden space 302080K, 0% used [0x0000000775f80000,0x0000000775f80000,0x0000000788680000)
  from space 18944K, 0% used [0x0000000788680000,0x0000000788680000,0x0000000789900000)
  to   space 17920K, 0% used [0x0000000791380000,0x0000000791380000,0x0000000792500000)
 ParOldGen       total 144896K, used 21337K [0x00000006e1e00000, 0x00000006eab80000, 0x0000000775f80000)
  object space 144896K, 14% used [0x00000006e1e00000,0x00000006e32d6620,0x00000006eab80000)
 Metaspace       used 55485K, capacity 58970K, committed 59028K, reserved 1099776K
  class space    used 7567K, capacity 8144K, committed 8192K, reserved 1048576K
}

