# JRE version: Java(TM) SE Runtime Environment (8.0_202-b08) (build 1.8.0_202-b08)
# Java VM: Java HotSpot(TM) 64-Bit Server VM (25.202-b08 mixed mode windows-amd64 compressed oops)
Heap:
 PSYoungGen      total 317440K, used 171318K [0x0000000775f80000, 0x0000000792300000, 0x00000007c0000000)
  eden space 298496K, 57% used [0x0000000775f80000,0x00000007806cdb50,0x0000000788300000)
  from space 18944K, 0% used [0x0000000788300000,0x0000000788300000,0x0000000789580000)
  to   space 17920K, 0% used [0x0000000791180000,0x0000000791180000,0x0000000792300000)
 ParOldGen       total 145408K, used 21494K [0x00000006e1e00000, 0x00000006eac00000, 0x0000000775f80000)
  object space 145408K, 14% used [0x00000006e1e00000,0x00000006e32fd990,0x00000006eac00000)
 Metaspace       used 62722K, capacity 66414K, committed 66560K, reserved 1107968K
  class space    used 8319K, capacity 8933K, committed 8960K, reserved 1048576K
GC Heap History (10 events):
Event: 5.056 GC heap before
{Heap before GC invocations=8 (full 1):
 PSYoungGen      total 181248K, used 13365K [0x0000000775f80000, 0x0000000781f80000, 0x00000007c0000000)
  eden space 168960K, 1% used [0x0000000775f80000,0x000000077628c9b0,0x0000000780480000)
  from space 12288K, 83% used [0x0000000781380000,0x0000000781d80c48,0x0000000781f80000)
  to   space 13824K, 0% used [0x0000000780480000,0x0000000780480000,0x0000000781200000)
 ParOldGen       total 93184K, used 9914K [0x00000006e1e00000, 0x00000006e7900000, 0x0000000775f80000)
  object space 93184K, 10% used [0x00000006e1e00000,0x00000006e27aeb18,0x00000006e7900000)
 Metaspace       used 33164K, capacity 35394K, committed 35416K, reserved 1079296K
  class space    used 4297K, capacity 4717K, committed 4736K, reserved 1048576K
Event: 5.063 GC heap after
Heap after GC invocations=8 (full 1):
 PSYoungGen      total 182784K, used 7748K [0x0000000775f80000, 0x000000078a600000, 0x00000007c0000000)
  eden space 168960K, 0% used [0x0000000775f80000,0x0000000775f80000,0x0000000780480000)
  from space 13824K, 56% used [0x0000000780480000,0x0000000780c11060,0x0000000781200000)
  to   space 13312K, 0% used [0x0000000789900000,0x0000000789900000,0x000000078a600000)
 ParOldGen       total 93184K, used 9922K [0x00000006e1e00000, 0x00000006e7900000, 0x0000000775f80000)
  object space 93184K, 10% used [0x00000006e1e00000,0x00000006e27b0b18,0x00000006e7900000)
 Metaspace       used 33164K, capacity 35394K, committed 35416K, reserved 1079296K
  class space    used 4297K, capacity 4717K, committed 4736K, reserved 1048576K
}
Event: 5.063 GC heap before
{Heap before GC invocations=9 (full 2):
 PSYoungGen      total 182784K, used 7748K [0x0000000775f80000, 0x000000078a600000, 0x00000007c0000000)
  eden space 168960K, 0% used [0x0000000775f80000,0x0000000775f80000,0x0000000780480000)
  from space 13824K, 56% used [0x0000000780480000,0x0000000780c11060,0x0000000781200000)
  to   space 13312K, 0% used [0x0000000789900000,0x0000000789900000,0x000000078a600000)
 ParOldGen       total 93184K, used 9922K [0x00000006e1e00000, 0x00000006e7900000, 0x0000000775f80000)
  object space 93184K, 10% used [0x00000006e1e00000,0x00000006e27b0b18,0x00000006e7900000)
 Metaspace       used 33164K, capacity 35394K, committed 35416K, reserved 1079296K
  class space    used 4297K, capacity 4717K, committed 4736K, reserved 1048576K
Event: 5.117 GC heap after
Heap after GC invocations=9 (full 2):
 PSYoungGen      total 182784K, used 0K [0x0000000775f80000, 0x000000078a600000, 0x00000007c0000000)
  eden space 168960K, 0% used [0x0000000775f80000,0x0000000775f80000,0x0000000780480000)
  from space 13824K, 0% used [0x0000000780480000,0x0000000780480000,0x0000000781200000)
  to   space 13312K, 0% used [0x0000000789900000,0x0000000789900000,0x000000078a600000)
 ParOldGen       total 117760K, used 12708K [0x00000006e1e00000, 0x00000006e9100000, 0x0000000775f80000)
  object space 117760K, 10% used [0x00000006e1e00000,0x00000006e2a692a8,0x00000006e9100000)
 Metaspace       used 33164K, capacity 35394K, committed 35416K, reserved 1079296K
  class space    used 4297K, capacity 4717K, committed 4736K, reserved 1048576K
}
Event: 8.094 GC heap before
{Heap before GC invocations=10 (full 2):
 PSYoungGen      total 182784K, used 168960K [0x0000000775f80000, 0x000000078a600000, 0x00000007c0000000)
  eden space 168960K, 100% used [0x0000000775f80000,0x0000000780480000,0x0000000780480000)
  from space 13824K, 0% used [0x0000000780480000,0x0000000780480000,0x0000000781200000)
  to   space 13312K, 0% used [0x0000000789900000,0x0000000789900000,0x000000078a600000)
 ParOldGen       total 117760K, used 12708K [0x00000006e1e00000, 0x00000006e9100000, 0x0000000775f80000)
  object space 117760K, 10% used [0x00000006e1e00000,0x00000006e2a692a8,0x00000006e9100000)
 Metaspace       used 52466K, capacity 55668K, committed 55936K, reserved 1097728K
  class space    used 7170K, capacity 7724K, committed 7808K, reserved 1048576K
Event: 8.120 GC heap after
Heap after GC invocations=10 (full 2):
 PSYoungGen      total 311808K, used 13295K [0x0000000775f80000, 0x000000078a800000, 0x00000007c0000000)
  eden space 298496K, 0% used [0x0000000775f80000,0x0000000775f80000,0x0000000788300000)
  from space 13312K, 99% used [0x0000000789900000,0x000000078a5fbe40,0x000000078a600000)
  to   space 18944K, 0% used [0x0000000788300000,0x0000000788300000,0x0000000789580000)
 ParOldGen       total 117760K, used 21403K [0x00000006e1e00000, 0x00000006e9100000, 0x0000000775f80000)
  object space 117760K, 18% used [0x00000006e1e00000,0x00000006e32e6fe8,0x00000006e9100000)
 Metaspace       used 52466K, capacity 55668K, committed 55936K, reserved 1097728K
  class space    used 7170K, capacity 7724K, committed 7808K, reserved 1048576K
}
Event: 25.658 GC heap before
{Heap before GC invocations=11 (full 2):
 PSYoungGen      total 311808K, used 78272K [0x0000000775f80000, 0x000000078a800000, 0x00000007c0000000)
  eden space 298496K, 21% used [0x0000000775f80000,0x0000000779ef41e8,0x0000000788300000)
  from space 13312K, 99% used [0x0000000789900000,0x000000078a5fbe40,0x000000078a600000)
  to   space 18944K, 0% used [0x0000000788300000,0x0000000788300000,0x0000000789580000)
 ParOldGen       total 117760K, used 21403K [0x00000006e1e00000, 0x00000006e9100000, 0x0000000775f80000)
  object space 117760K, 18% used [0x00000006e1e00000,0x00000006e32e6fe8,0x00000006e9100000)
 Metaspace       used 55505K, capacity 58970K, committed 59028K, reserved 1099776K
  class space    used 7570K, capacity 8145K, committed 8192K, reserved 1048576K
Event: 25.672 GC heap after
Heap after GC invocations=11 (full 2):
 PSYoungGen      total 317440K, used 10632K [0x0000000775f80000, 0x0000000792300000, 0x00000007c0000000)
  eden space 298496K, 0% used [0x0000000775f80000,0x0000000775f80000,0x0000000788300000)
  from space 18944K, 56% used [0x0000000788300000,0x0000000788d62298,0x0000000789580000)
  to   space 17920K, 0% used [0x0000000791180000,0x0000000791180000,0x0000000792300000)
 ParOldGen       total 117760K, used 21427K [0x00000006e1e00000, 0x00000006e9100000, 0x0000000775f80000)
  object space 117760K, 18% used [0x00000006e1e00000,0x00000006e32ecc48,0x00000006e9100000)
 Metaspace       used 55505K, capacity 58970K, committed 59028K, reserved 1099776K
  class space    used 7570K, capacity 8145K, committed 8192K, reserved 1048576K
}
Event: 25.672 GC heap before
{Heap before GC invocations=12 (full 3):
 PSYoungGen      total 317440K, used 10632K [0x0000000775f80000, 0x0000000792300000, 0x00000007c0000000)
  eden space 298496K, 0% used [0x0000000775f80000,0x0000000775f80000,0x0000000788300000)
  from space 18944K, 56% used [0x0000000788300000,0x0000000788d62298,0x0000000789580000)
  to   space 17920K, 0% used [0x0000000791180000,0x0000000791180000,0x0000000792300000)
 ParOldGen       total 117760K, used 21427K [0x00000006e1e00000, 0x00000006e9100000, 0x0000000775f80000)
  object space 117760K, 18% used [0x00000006e1e00000,0x00000006e32ecc48,0x00000006e9100000)
 Metaspace       used 55505K, capacity 58970K, committed 59028K, reserved 1099776K
  class space    used 7570K, capacity 8145K, committed 8192K, reserved 1048576K
Event: 25.808 GC heap after
Heap after GC invocations=12 (full 3):
 PSYoungGen      total 317440K, used 0K [0x0000000775f80000, 0x0000000792300000, 0x00000007c0000000)
  eden space 298496K, 0% used [0x0000000775f80000,0x0000000775f80000,0x0000000788300000)
  from space 18944K, 0% used [0x0000000788300000,0x0000000788300000,0x0000000789580000)
  to   space 17920K, 0% used [0x0000000791180000,0x0000000791180000,0x0000000792300000)
 ParOldGen       total 145408K, used 21494K [0x00000006e1e00000, 0x00000006eac00000, 0x0000000775f80000)
  object space 145408K, 14% used [0x00000006e1e00000,0x00000006e32fd990,0x00000006eac00000)
 Metaspace       used 55497K, capacity 58958K, committed 59028K, reserved 1099776K
  class space    used 7569K, capacity 8143K, committed 8192K, reserved 1048576K
}

