# JRE version: Java(TM) SE Runtime Environment (8.0_202-b08) (build 1.8.0_202-b08)
# Java VM: Java HotSpot(TM) 64-Bit Server VM (25.202-b08 mixed mode windows-amd64 compressed oops)
Heap:
 PSYoungGen      total 142336K, used 75263K [0x0000000775f80000, 0x0000000783700000, 0x00000007c0000000)
  eden space 131584K, 49% used [0x0000000775f80000,0x0000000779e87750,0x000000077e000000)
  from space 10752K, 99% used [0x000000077e000000,0x000000077ea78598,0x000000077ea80000)
  to   space 15360K, 0% used [0x0000000782800000,0x0000000782800000,0x0000000783700000)
 ParOldGen       total 144384K, used 22298K [0x00000006e1e00000, 0x00000006eab00000, 0x0000000775f80000)
  object space 144384K, 15% used [0x00000006e1e00000,0x00000006e33c6b28,0x00000006eab00000)
 Metaspace       used 54955K, capacity 58242K, committed 58456K, reserved 1099776K
  class space    used 7488K, capacity 8033K, committed 8064K, reserved 1048576K
GC Heap History (10 events):
Event: 3.073 GC heap before
{Heap before GC invocations=5 (full 1):
 PSYoungGen      total 67072K, used 57856K [0x0000000775f80000, 0x000000077e280000, 0x00000007c0000000)
  eden space 57856K, 100% used [0x0000000775f80000,0x0000000779800000,0x0000000779800000)
  from space 9216K, 0% used [0x0000000779800000,0x0000000779800000,0x000000077a100000)
  to   space 9216K, 0% used [0x000000077d980000,0x000000077d980000,0x000000077e280000)
 ParOldGen       total 92160K, used 7340K [0x00000006e1e00000, 0x00000006e7800000, 0x0000000775f80000)
  object space 92160K, 7% used [0x00000006e1e00000,0x00000006e252b260,0x00000006e7800000)
 Metaspace       used 24575K, capacity 26000K, committed 26240K, reserved 1073152K
  class space    used 3164K, capacity 3454K, committed 3456K, reserved 1048576K
Event: 3.082 GC heap after
Heap after GC invocations=5 (full 1):
 PSYoungGen      total 95232K, used 6738K [0x0000000775f80000, 0x000000077e080000, 0x00000007c0000000)
  eden space 88064K, 0% used [0x0000000775f80000,0x0000000775f80000,0x000000077b580000)
  from space 7168K, 94% used [0x000000077d980000,0x000000077e014810,0x000000077e080000)
  to   space 9216K, 0% used [0x000000077ce80000,0x000000077ce80000,0x000000077d780000)
 ParOldGen       total 92160K, used 7348K [0x00000006e1e00000, 0x00000006e7800000, 0x0000000775f80000)
  object space 92160K, 7% used [0x00000006e1e00000,0x00000006e252d260,0x00000006e7800000)
 Metaspace       used 24575K, capacity 26000K, committed 26240K, reserved 1073152K
  class space    used 3164K, capacity 3454K, committed 3456K, reserved 1048576K
}
Event: 4.237 GC heap before
{Heap before GC invocations=6 (full 1):
 PSYoungGen      total 95232K, used 94802K [0x0000000775f80000, 0x000000077e080000, 0x00000007c0000000)
  eden space 88064K, 100% used [0x0000000775f80000,0x000000077b580000,0x000000077b580000)
  from space 7168K, 94% used [0x000000077d980000,0x000000077e014810,0x000000077e080000)
  to   space 9216K, 0% used [0x000000077ce80000,0x000000077ce80000,0x000000077d780000)
 ParOldGen       total 92160K, used 7348K [0x00000006e1e00000, 0x00000006e7800000, 0x0000000775f80000)
  object space 92160K, 7% used [0x00000006e1e00000,0x00000006e252d260,0x00000006e7800000)
 Metaspace       used 29424K, capacity 31444K, committed 31616K, reserved 1077248K
  class space    used 3807K, capacity 4152K, committed 4224K, reserved 1048576K
Event: 4.250 GC heap after
Heap after GC invocations=6 (full 1):
 PSYoungGen      total 122880K, used 8233K [0x0000000775f80000, 0x000000077f480000, 0x00000007c0000000)
  eden space 113664K, 0% used [0x0000000775f80000,0x0000000775f80000,0x000000077ce80000)
  from space 9216K, 89% used [0x000000077ce80000,0x000000077d68a7e0,0x000000077d780000)
  to   space 10240K, 0% used [0x000000077ea80000,0x000000077ea80000,0x000000077f480000)
 ParOldGen       total 92160K, used 7356K [0x00000006e1e00000, 0x00000006e7800000, 0x0000000775f80000)
  object space 92160K, 7% used [0x00000006e1e00000,0x00000006e252f260,0x00000006e7800000)
 Metaspace       used 29424K, capacity 31444K, committed 31616K, reserved 1077248K
  class space    used 3807K, capacity 4152K, committed 4224K, reserved 1048576K
}
Event: 5.030 GC heap before
{Heap before GC invocations=7 (full 1):
 PSYoungGen      total 122880K, used 37916K [0x0000000775f80000, 0x000000077f480000, 0x00000007c0000000)
  eden space 113664K, 26% used [0x0000000775f80000,0x0000000777c7cb68,0x000000077ce80000)
  from space 9216K, 89% used [0x000000077ce80000,0x000000077d68a7e0,0x000000077d780000)
  to   space 10240K, 0% used [0x000000077ea80000,0x000000077ea80000,0x000000077f480000)
 ParOldGen       total 92160K, used 7356K [0x00000006e1e00000, 0x00000006e7800000, 0x0000000775f80000)
  object space 92160K, 7% used [0x00000006e1e00000,0x00000006e252f260,0x00000006e7800000)
 Metaspace       used 33175K, capacity 35314K, committed 35416K, reserved 1079296K
  class space    used 4280K, capacity 4659K, committed 4736K, reserved 1048576K
Event: 5.041 GC heap after
Heap after GC invocations=7 (full 1):
 PSYoungGen      total 141824K, used 9471K [0x0000000775f80000, 0x0000000781a00000, 0x00000007c0000000)
  eden space 131584K, 0% used [0x0000000775f80000,0x0000000775f80000,0x000000077e000000)
  from space 10240K, 92% used [0x000000077ea80000,0x000000077f3bfe18,0x000000077f480000)
  to   space 10752K, 0% used [0x000000077e000000,0x000000077e000000,0x000000077ea80000)
 ParOldGen       total 92160K, used 7364K [0x00000006e1e00000, 0x00000006e7800000, 0x0000000775f80000)
  object space 92160K, 7% used [0x00000006e1e00000,0x00000006e2531260,0x00000006e7800000)
 Metaspace       used 33175K, capacity 35314K, committed 35416K, reserved 1079296K
  class space    used 4280K, capacity 4659K, committed 4736K, reserved 1048576K
}
Event: 5.041 GC heap before
{Heap before GC invocations=8 (full 2):
 PSYoungGen      total 141824K, used 9471K [0x0000000775f80000, 0x0000000781a00000, 0x00000007c0000000)
  eden space 131584K, 0% used [0x0000000775f80000,0x0000000775f80000,0x000000077e000000)
  from space 10240K, 92% used [0x000000077ea80000,0x000000077f3bfe18,0x000000077f480000)
  to   space 10752K, 0% used [0x000000077e000000,0x000000077e000000,0x000000077ea80000)
 ParOldGen       total 92160K, used 7364K [0x00000006e1e00000, 0x00000006e7800000, 0x0000000775f80000)
  object space 92160K, 7% used [0x00000006e1e00000,0x00000006e2531260,0x00000006e7800000)
 Metaspace       used 33175K, capacity 35314K, committed 35416K, reserved 1079296K
  class space    used 4280K, capacity 4659K, committed 4736K, reserved 1048576K
Event: 5.094 GC heap after
Heap after GC invocations=8 (full 2):
 PSYoungGen      total 141824K, used 0K [0x0000000775f80000, 0x0000000781a00000, 0x00000007c0000000)
  eden space 131584K, 0% used [0x0000000775f80000,0x0000000775f80000,0x000000077e000000)
  from space 10240K, 0% used [0x000000077ea80000,0x000000077ea80000,0x000000077f480000)
  to   space 10752K, 0% used [0x000000077e000000,0x000000077e000000,0x000000077ea80000)
 ParOldGen       total 144384K, used 14403K [0x00000006e1e00000, 0x00000006eab00000, 0x0000000775f80000)
  object space 144384K, 9% used [0x00000006e1e00000,0x00000006e2c10e98,0x00000006eab00000)
 Metaspace       used 33175K, capacity 35314K, committed 35416K, reserved 1079296K
  class space    used 4280K, capacity 4659K, committed 4736K, reserved 1048576K
}
Event: 7.708 GC heap before
{Heap before GC invocations=9 (full 2):
 PSYoungGen      total 141824K, used 131584K [0x0000000775f80000, 0x0000000781a00000, 0x00000007c0000000)
  eden space 131584K, 100% used [0x0000000775f80000,0x000000077e000000,0x000000077e000000)
  from space 10240K, 0% used [0x000000077ea80000,0x000000077ea80000,0x000000077f480000)
  to   space 10752K, 0% used [0x000000077e000000,0x000000077e000000,0x000000077ea80000)
 ParOldGen       total 144384K, used 14403K [0x00000006e1e00000, 0x00000006eab00000, 0x0000000775f80000)
  object space 144384K, 9% used [0x00000006e1e00000,0x00000006e2c10e98,0x00000006eab00000)
 Metaspace       used 50269K, capacity 53200K, committed 53464K, reserved 1095680K
  class space    used 6870K, capacity 7378K, committed 7424K, reserved 1048576K
Event: 7.734 GC heap after
Heap after GC invocations=9 (full 2):
 PSYoungGen      total 142336K, used 10721K [0x0000000775f80000, 0x0000000783700000, 0x00000007c0000000)
  eden space 131584K, 0% used [0x0000000775f80000,0x0000000775f80000,0x000000077e000000)
  from space 10752K, 99% used [0x000000077e000000,0x000000077ea78598,0x000000077ea80000)
  to   space 15360K, 0% used [0x0000000782800000,0x0000000782800000,0x0000000783700000)
 ParOldGen       total 144384K, used 22298K [0x00000006e1e00000, 0x00000006eab00000, 0x0000000775f80000)
  object space 144384K, 15% used [0x00000006e1e00000,0x00000006e33c6b28,0x00000006eab00000)
 Metaspace       used 50269K, capacity 53200K, committed 53464K, reserved 1095680K
  class space    used 6870K, capacity 7378K, committed 7424K, reserved 1048576K
}

