# JRE version: Java(TM) SE Runtime Environment (8.0_202-b08) (build 1.8.0_202-b08)
# Java VM: Java HotSpot(TM) 64-Bit Server VM (25.202-b08 mixed mode windows-amd64 compressed oops)
Heap:
 PSYoungGen      total 297472K, used 8933K [0x0000000775f80000, 0x0000000789700000, 0x00000007c0000000)
  eden space 292352K, 3% used [0x0000000775f80000,0x0000000776839618,0x0000000787d00000)
  from space 5120K, 0% used [0x0000000789200000,0x0000000789200000,0x0000000789700000)
  to   space 13312K, 0% used [0x0000000787d00000,0x0000000787d00000,0x0000000788a00000)
 ParOldGen       total 91648K, used 16207K [0x00000006e1e00000, 0x00000006e7780000, 0x0000000775f80000)
  object space 91648K, 17% used [0x00000006e1e00000,0x00000006e2dd3f90,0x00000006e7780000)
 Metaspace       used 37493K, capacity 39918K, committed 40192K, reserved 1085440K
  class space    used 4912K, capacity 5349K, committed 5376K, reserved 1048576K
GC Heap History (10 events):
Event: 5.173 GC heap before
{Heap before GC invocations=7 (full 1):
 PSYoungGen      total 124928K, used 124915K [0x0000000775f80000, 0x0000000782300000, 0x00000007c0000000)
  eden space 115712K, 100% used [0x0000000775f80000,0x000000077d080000,0x000000077d080000)
  from space 9216K, 99% used [0x000000077d080000,0x000000077d97ceb8,0x000000077d980000)
  to   space 13312K, 0% used [0x0000000781600000,0x0000000781600000,0x0000000782300000)
 ParOldGen       total 91648K, used 9788K [0x00000006e1e00000, 0x00000006e7780000, 0x0000000775f80000)
  object space 91648K, 10% used [0x00000006e1e00000,0x00000006e278f3f0,0x00000006e7780000)
 Metaspace       used 32842K, capacity 35070K, committed 35200K, reserved 1079296K
  class space    used 4269K, capacity 4677K, committed 4736K, reserved 1048576K
Event: 5.184 GC heap after
Heap after GC invocations=7 (full 1):
 PSYoungGen      total 181760K, used 9371K [0x0000000775f80000, 0x0000000782080000, 0x00000007c0000000)
  eden space 171008K, 0% used [0x0000000775f80000,0x0000000775f80000,0x0000000780680000)
  from space 10752K, 87% used [0x0000000781600000,0x0000000781f26d60,0x0000000782080000)
  to   space 13312K, 0% used [0x0000000780680000,0x0000000780680000,0x0000000781380000)
 ParOldGen       total 91648K, used 9796K [0x00000006e1e00000, 0x00000006e7780000, 0x0000000775f80000)
  object space 91648K, 10% used [0x00000006e1e00000,0x00000006e27913f0,0x00000006e7780000)
 Metaspace       used 32842K, capacity 35070K, committed 35200K, reserved 1079296K
  class space    used 4269K, capacity 4677K, committed 4736K, reserved 1048576K
}
Event: 5.233 GC heap before
{Heap before GC invocations=8 (full 1):
 PSYoungGen      total 181760K, used 15525K [0x0000000775f80000, 0x0000000782080000, 0x00000007c0000000)
  eden space 171008K, 3% used [0x0000000775f80000,0x00000007765829e8,0x0000000780680000)
  from space 10752K, 87% used [0x0000000781600000,0x0000000781f26d60,0x0000000782080000)
  to   space 13312K, 0% used [0x0000000780680000,0x0000000780680000,0x0000000781380000)
 ParOldGen       total 91648K, used 9796K [0x00000006e1e00000, 0x00000006e7780000, 0x0000000775f80000)
  object space 91648K, 10% used [0x00000006e1e00000,0x00000006e27913f0,0x00000006e7780000)
 Metaspace       used 33127K, capacity 35396K, committed 35416K, reserved 1079296K
  class space    used 4294K, capacity 4716K, committed 4736K, reserved 1048576K
Event: 5.243 GC heap after
Heap after GC invocations=8 (full 1):
 PSYoungGen      total 184320K, used 8276K [0x0000000775f80000, 0x0000000789e80000, 0x00000007c0000000)
  eden space 171008K, 0% used [0x0000000775f80000,0x0000000775f80000,0x0000000780680000)
  from space 13312K, 62% used [0x0000000780680000,0x0000000780e95210,0x0000000781380000)
  to   space 12800K, 0% used [0x0000000789200000,0x0000000789200000,0x0000000789e80000)
 ParOldGen       total 91648K, used 9804K [0x00000006e1e00000, 0x00000006e7780000, 0x0000000775f80000)
  object space 91648K, 10% used [0x00000006e1e00000,0x00000006e27933f0,0x00000006e7780000)
 Metaspace       used 33127K, capacity 35396K, committed 35416K, reserved 1079296K
  class space    used 4294K, capacity 4716K, committed 4736K, reserved 1048576K
}
Event: 5.243 GC heap before
{Heap before GC invocations=9 (full 2):
 PSYoungGen      total 184320K, used 8276K [0x0000000775f80000, 0x0000000789e80000, 0x00000007c0000000)
  eden space 171008K, 0% used [0x0000000775f80000,0x0000000775f80000,0x0000000780680000)
  from space 13312K, 62% used [0x0000000780680000,0x0000000780e95210,0x0000000781380000)
  to   space 12800K, 0% used [0x0000000789200000,0x0000000789200000,0x0000000789e80000)
 ParOldGen       total 91648K, used 9804K [0x00000006e1e00000, 0x00000006e7780000, 0x0000000775f80000)
  object space 91648K, 10% used [0x00000006e1e00000,0x00000006e27933f0,0x00000006e7780000)
 Metaspace       used 33127K, capacity 35396K, committed 35416K, reserved 1079296K
  class space    used 4294K, capacity 4716K, committed 4736K, reserved 1048576K
Event: 5.296 GC heap after
Heap after GC invocations=9 (full 2):
 PSYoungGen      total 184320K, used 0K [0x0000000775f80000, 0x0000000789e80000, 0x00000007c0000000)
  eden space 171008K, 0% used [0x0000000775f80000,0x0000000775f80000,0x0000000780680000)
  from space 13312K, 0% used [0x0000000780680000,0x0000000780680000,0x0000000781380000)
  to   space 12800K, 0% used [0x0000000789200000,0x0000000789200000,0x0000000789e80000)
 ParOldGen       total 91648K, used 13148K [0x00000006e1e00000, 0x00000006e7780000, 0x0000000775f80000)
  object space 91648K, 14% used [0x00000006e1e00000,0x00000006e2ad71c8,0x00000006e7780000)
 Metaspace       used 33127K, capacity 35396K, committed 35416K, reserved 1079296K
  class space    used 4294K, capacity 4716K, committed 4736K, reserved 1048576K
}
Event: 5.796 GC heap before
{Heap before GC invocations=10 (full 2):
 PSYoungGen      total 184320K, used 30437K [0x0000000775f80000, 0x0000000789e80000, 0x00000007c0000000)
  eden space 171008K, 17% used [0x0000000775f80000,0x0000000777d397d0,0x0000000780680000)
  from space 13312K, 0% used [0x0000000780680000,0x0000000780680000,0x0000000781380000)
  to   space 12800K, 0% used [0x0000000789200000,0x0000000789200000,0x0000000789e80000)
 ParOldGen       total 91648K, used 13148K [0x00000006e1e00000, 0x00000006e7780000, 0x0000000775f80000)
  object space 91648K, 14% used [0x00000006e1e00000,0x00000006e2ad71c8,0x00000006e7780000)
 Metaspace       used 36920K, capacity 39162K, committed 39296K, reserved 1087488K
  class space    used 4816K, capacity 5239K, committed 5248K, reserved 1048576K
Event: 5.801 GC heap after
Heap after GC invocations=10 (full 2):
 PSYoungGen      total 297472K, used 4150K [0x0000000775f80000, 0x0000000789700000, 0x00000007c0000000)
  eden space 292352K, 0% used [0x0000000775f80000,0x0000000775f80000,0x0000000787d00000)
  from space 5120K, 81% used [0x0000000789200000,0x000000078960da70,0x0000000789700000)
  to   space 13312K, 0% used [0x0000000787d00000,0x0000000787d00000,0x0000000788a00000)
 ParOldGen       total 91648K, used 13156K [0x00000006e1e00000, 0x00000006e7780000, 0x0000000775f80000)
  object space 91648K, 14% used [0x00000006e1e00000,0x00000006e2ad91c8,0x00000006e7780000)
 Metaspace       used 36920K, capacity 39162K, committed 39296K, reserved 1087488K
  class space    used 4816K, capacity 5239K, committed 5248K, reserved 1048576K
}
Event: 5.801 GC heap before
{Heap before GC invocations=11 (full 3):
 PSYoungGen      total 297472K, used 4150K [0x0000000775f80000, 0x0000000789700000, 0x00000007c0000000)
  eden space 292352K, 0% used [0x0000000775f80000,0x0000000775f80000,0x0000000787d00000)
  from space 5120K, 81% used [0x0000000789200000,0x000000078960da70,0x0000000789700000)
  to   space 13312K, 0% used [0x0000000787d00000,0x0000000787d00000,0x0000000788a00000)
 ParOldGen       total 91648K, used 13156K [0x00000006e1e00000, 0x00000006e7780000, 0x0000000775f80000)
  object space 91648K, 14% used [0x00000006e1e00000,0x00000006e2ad91c8,0x00000006e7780000)
 Metaspace       used 36920K, capacity 39162K, committed 39296K, reserved 1087488K
  class space    used 4816K, capacity 5239K, committed 5248K, reserved 1048576K
Event: 5.920 GC heap after
Heap after GC invocations=11 (full 3):
 PSYoungGen      total 297472K, used 0K [0x0000000775f80000, 0x0000000789700000, 0x00000007c0000000)
  eden space 292352K, 0% used [0x0000000775f80000,0x0000000775f80000,0x0000000787d00000)
  from space 5120K, 0% used [0x0000000789200000,0x0000000789200000,0x0000000789700000)
  to   space 13312K, 0% used [0x0000000787d00000,0x0000000787d00000,0x0000000788a00000)
 ParOldGen       total 91648K, used 16207K [0x00000006e1e00000, 0x00000006e7780000, 0x0000000775f80000)
  object space 91648K, 17% used [0x00000006e1e00000,0x00000006e2dd3f90,0x00000006e7780000)
 Metaspace       used 36920K, capacity 39162K, committed 39296K, reserved 1085440K
  class space    used 4816K, capacity 5239K, committed 5248K, reserved 1048576K
}

