# JRE version: Java(TM) SE Runtime Environment (8.0_202-b08) (build 1.8.0_202-b08)
# Java VM: Java HotSpot(TM) 64-Bit Server VM (25.202-b08 mixed mode windows-amd64 compressed oops)
Heap:
 PSYoungGen      total 195584K, used 58634K [0x0000000775f80000, 0x0000000783500000, 0x00000007c0000000)
  eden space 182784K, 32% used [0x0000000775f80000,0x00000007798c2a40,0x0000000781200000)
  from space 12800K, 0% used [0x0000000782880000,0x0000000782880000,0x0000000783500000)
  to   space 16384K, 0% used [0x0000000781500000,0x0000000781500000,0x0000000782500000)
 ParOldGen       total 203264K, used 22737K [0x00000006e1e00000, 0x00000006ee480000, 0x0000000775f80000)
  object space 203264K, 11% used [0x00000006e1e00000,0x00000006e34344d8,0x00000006ee480000)
 Metaspace       used 60915K, capacity 64470K, committed 64600K, reserved 1105920K
  class space    used 8179K, capacity 8769K, committed 8832K, reserved 1048576K
GC Heap History (10 events):
Event: 5.365 GC heap before
{Heap before GC invocations=7 (full 1):
 PSYoungGen      total 122368K, used 38349K [0x0000000775f80000, 0x000000077f380000, 0x00000007c0000000)
  eden space 113152K, 26% used [0x0000000775f80000,0x0000000777cd34c8,0x000000077ce00000)
  from space 9216K, 90% used [0x000000077ce00000,0x000000077d620128,0x000000077d700000)
  to   space 10240K, 0% used [0x000000077e980000,0x000000077e980000,0x000000077f380000)
 ParOldGen       total 92672K, used 7351K [0x00000006e1e00000, 0x00000006e7880000, 0x0000000775f80000)
  object space 92672K, 7% used [0x00000006e1e00000,0x00000006e252de98,0x00000006e7880000)
 Metaspace       used 33183K, capacity 35314K, committed 35416K, reserved 1079296K
  class space    used 4277K, capacity 4659K, committed 4736K, reserved 1048576K
Event: 5.378 GC heap after
Heap after GC invocations=7 (full 1):
 PSYoungGen      total 140800K, used 9491K [0x0000000775f80000, 0x0000000781980000, 0x00000007c0000000)
  eden space 130560K, 0% used [0x0000000775f80000,0x0000000775f80000,0x000000077df00000)
  from space 10240K, 92% used [0x000000077e980000,0x000000077f2c4e28,0x000000077f380000)
  to   space 10752K, 0% used [0x000000077df00000,0x000000077df00000,0x000000077e980000)
 ParOldGen       total 92672K, used 7359K [0x00000006e1e00000, 0x00000006e7880000, 0x0000000775f80000)
  object space 92672K, 7% used [0x00000006e1e00000,0x00000006e252fe98,0x00000006e7880000)
 Metaspace       used 33183K, capacity 35314K, committed 35416K, reserved 1079296K
  class space    used 4277K, capacity 4659K, committed 4736K, reserved 1048576K
}
Event: 5.378 GC heap before
{Heap before GC invocations=8 (full 2):
 PSYoungGen      total 140800K, used 9491K [0x0000000775f80000, 0x0000000781980000, 0x00000007c0000000)
  eden space 130560K, 0% used [0x0000000775f80000,0x0000000775f80000,0x000000077df00000)
  from space 10240K, 92% used [0x000000077e980000,0x000000077f2c4e28,0x000000077f380000)
  to   space 10752K, 0% used [0x000000077df00000,0x000000077df00000,0x000000077e980000)
 ParOldGen       total 92672K, used 7359K [0x00000006e1e00000, 0x00000006e7880000, 0x0000000775f80000)
  object space 92672K, 7% used [0x00000006e1e00000,0x00000006e252fe98,0x00000006e7880000)
 Metaspace       used 33183K, capacity 35314K, committed 35416K, reserved 1079296K
  class space    used 4277K, capacity 4659K, committed 4736K, reserved 1048576K
Event: 5.434 GC heap after
Heap after GC invocations=8 (full 2):
 PSYoungGen      total 140800K, used 0K [0x0000000775f80000, 0x0000000781980000, 0x00000007c0000000)
  eden space 130560K, 0% used [0x0000000775f80000,0x0000000775f80000,0x000000077df00000)
  from space 10240K, 0% used [0x000000077e980000,0x000000077e980000,0x000000077f380000)
  to   space 10752K, 0% used [0x000000077df00000,0x000000077df00000,0x000000077e980000)
 ParOldGen       total 144896K, used 14433K [0x00000006e1e00000, 0x00000006eab80000, 0x0000000775f80000)
  object space 144896K, 9% used [0x00000006e1e00000,0x00000006e2c18430,0x00000006eab80000)
 Metaspace       used 33183K, capacity 35314K, committed 35416K, reserved 1079296K
  class space    used 4277K, capacity 4659K, committed 4736K, reserved 1048576K
}
Event: 7.920 GC heap before
{Heap before GC invocations=9 (full 2):
 PSYoungGen      total 140800K, used 130560K [0x0000000775f80000, 0x0000000781980000, 0x00000007c0000000)
  eden space 130560K, 100% used [0x0000000775f80000,0x000000077df00000,0x000000077df00000)
  from space 10240K, 0% used [0x000000077e980000,0x000000077e980000,0x000000077f380000)
  to   space 10752K, 0% used [0x000000077df00000,0x000000077df00000,0x000000077e980000)
 ParOldGen       total 144896K, used 14433K [0x00000006e1e00000, 0x00000006eab80000, 0x0000000775f80000)
  object space 144896K, 9% used [0x00000006e1e00000,0x00000006e2c18430,0x00000006eab80000)
 Metaspace       used 50328K, capacity 53264K, committed 53464K, reserved 1095680K
  class space    used 6875K, capacity 7378K, committed 7424K, reserved 1048576K
Event: 7.945 GC heap after
Heap after GC invocations=9 (full 2):
 PSYoungGen      total 141312K, used 10720K [0x0000000775f80000, 0x0000000783800000, 0x00000007c0000000)
  eden space 130560K, 0% used [0x0000000775f80000,0x0000000775f80000,0x000000077df00000)
  from space 10752K, 99% used [0x000000077df00000,0x000000077e978048,0x000000077e980000)
  to   space 15872K, 0% used [0x0000000782880000,0x0000000782880000,0x0000000783800000)
 ParOldGen       total 144896K, used 22402K [0x00000006e1e00000, 0x00000006eab80000, 0x0000000775f80000)
  object space 144896K, 15% used [0x00000006e1e00000,0x00000006e33e0bf0,0x00000006eab80000)
 Metaspace       used 50328K, capacity 53264K, committed 53464K, reserved 1095680K
  class space    used 6875K, capacity 7378K, committed 7424K, reserved 1048576K
}
Event: 16.009 GC heap before
{Heap before GC invocations=10 (full 2):
 PSYoungGen      total 141312K, used 80870K [0x0000000775f80000, 0x0000000783800000, 0x00000007c0000000)
  eden space 130560K, 53% used [0x0000000775f80000,0x000000077a4018f0,0x000000077df00000)
  from space 10752K, 99% used [0x000000077df00000,0x000000077e978048,0x000000077e980000)
  to   space 15872K, 0% used [0x0000000782880000,0x0000000782880000,0x0000000783800000)
 ParOldGen       total 144896K, used 22402K [0x00000006e1e00000, 0x00000006eab80000, 0x0000000775f80000)
  object space 144896K, 15% used [0x00000006e1e00000,0x00000006e33e0bf0,0x00000006eab80000)
 Metaspace       used 55609K, capacity 58940K, committed 59028K, reserved 1099776K
  class space    used 7592K, capacity 8160K, committed 8192K, reserved 1048576K
Event: 16.030 GC heap after
Heap after GC invocations=10 (full 2):
 PSYoungGen      total 195584K, used 12652K [0x0000000775f80000, 0x0000000783500000, 0x00000007c0000000)
  eden space 182784K, 0% used [0x0000000775f80000,0x0000000775f80000,0x0000000781200000)
  from space 12800K, 98% used [0x0000000782880000,0x00000007834db100,0x0000000783500000)
  to   space 16384K, 0% used [0x0000000781500000,0x0000000781500000,0x0000000782500000)
 ParOldGen       total 144896K, used 22410K [0x00000006e1e00000, 0x00000006eab80000, 0x0000000775f80000)
  object space 144896K, 15% used [0x00000006e1e00000,0x00000006e33e2bf0,0x00000006eab80000)
 Metaspace       used 55609K, capacity 58940K, committed 59028K, reserved 1099776K
  class space    used 7592K, capacity 8160K, committed 8192K, reserved 1048576K
}
Event: 16.030 GC heap before
{Heap before GC invocations=11 (full 3):
 PSYoungGen      total 195584K, used 12652K [0x0000000775f80000, 0x0000000783500000, 0x00000007c0000000)
  eden space 182784K, 0% used [0x0000000775f80000,0x0000000775f80000,0x0000000781200000)
  from space 12800K, 98% used [0x0000000782880000,0x00000007834db100,0x0000000783500000)
  to   space 16384K, 0% used [0x0000000781500000,0x0000000781500000,0x0000000782500000)
 ParOldGen       total 144896K, used 22410K [0x00000006e1e00000, 0x00000006eab80000, 0x0000000775f80000)
  object space 144896K, 15% used [0x00000006e1e00000,0x00000006e33e2bf0,0x00000006eab80000)
 Metaspace       used 55609K, capacity 58940K, committed 59028K, reserved 1099776K
  class space    used 7592K, capacity 8160K, committed 8192K, reserved 1048576K
Event: 16.187 GC heap after
Heap after GC invocations=11 (full 3):
 PSYoungGen      total 195584K, used 0K [0x0000000775f80000, 0x0000000783500000, 0x00000007c0000000)
  eden space 182784K, 0% used [0x0000000775f80000,0x0000000775f80000,0x0000000781200000)
  from space 12800K, 0% used [0x0000000782880000,0x0000000782880000,0x0000000783500000)
  to   space 16384K, 0% used [0x0000000781500000,0x0000000781500000,0x0000000782500000)
 ParOldGen       total 203264K, used 22737K [0x00000006e1e00000, 0x00000006ee480000, 0x0000000775f80000)
  object space 203264K, 11% used [0x00000006e1e00000,0x00000006e34344d8,0x00000006ee480000)
 Metaspace       used 55609K, capacity 58940K, committed 59028K, reserved 1099776K
  class space    used 7592K, capacity 8160K, committed 8192K, reserved 1048576K
}

