# JRE version: Java(TM) SE Runtime Environment (8.0_202-b08) (build 1.8.0_202-b08)
# Java VM: Java HotSpot(TM) 64-Bit Server VM (25.202-b08 mixed mode windows-amd64 compressed oops)
Heap:
 PSYoungGen      total 187392K, used 10657K [0x0000000775f80000, 0x0000000782400000, 0x00000007c0000000)
  eden space 173568K, 6% used [0x0000000775f80000,0x00000007769e8770,0x0000000780900000)
  from space 13824K, 0% used [0x0000000780900000,0x0000000780900000,0x0000000781680000)
  to   space 11264K, 0% used [0x0000000781900000,0x0000000781900000,0x0000000782400000)
 ParOldGen       total 112128K, used 12639K [0x00000006e1e00000, 0x00000006e8b80000, 0x0000000775f80000)
  object space 112128K, 11% used [0x00000006e1e00000,0x00000006e2a57cb0,0x00000006e8b80000)
 Metaspace       used 34105K, capacity 36404K, committed 36568K, reserved 1081344K
  class space    used 4398K, capacity 4814K, committed 4864K, reserved 1048576K
GC Heap History (10 events):
Event: 2.758 GC heap before
{Heap before GC invocations=5 (full 1):
 PSYoungGen      total 124928K, used 7055K [0x0000000775f80000, 0x000000077e280000, 0x00000007c0000000)
  eden space 115712K, 0% used [0x0000000775f80000,0x0000000775f80000,0x000000077d080000)
  from space 9216K, 76% used [0x000000077d980000,0x000000077e063cd0,0x000000077e280000)
  to   space 9216K, 0% used [0x000000077d080000,0x000000077d080000,0x000000077d980000)
 ParOldGen       total 153088K, used 136K [0x00000006e1e00000, 0x00000006eb380000, 0x0000000775f80000)
  object space 153088K, 0% used [0x00000006e1e00000,0x00000006e1e22000,0x00000006eb380000)
 Metaspace       used 20265K, capacity 21170K, committed 21248K, reserved 1067008K
  class space    used 2531K, capacity 2760K, committed 2816K, reserved 1048576K
Event: 2.803 GC heap after
Heap after GC invocations=5 (full 1):
 PSYoungGen      total 124928K, used 0K [0x0000000775f80000, 0x000000077e280000, 0x00000007c0000000)
  eden space 115712K, 0% used [0x0000000775f80000,0x0000000775f80000,0x000000077d080000)
  from space 9216K, 0% used [0x000000077d980000,0x000000077d980000,0x000000077e280000)
  to   space 9216K, 0% used [0x000000077d080000,0x000000077d080000,0x000000077d980000)
 ParOldGen       total 90624K, used 6941K [0x00000006e1e00000, 0x00000006e7680000, 0x0000000775f80000)
  object space 90624K, 7% used [0x00000006e1e00000,0x00000006e24c7558,0x00000006e7680000)
 Metaspace       used 20265K, capacity 21170K, committed 21248K, reserved 1067008K
  class space    used 2531K, capacity 2760K, committed 2816K, reserved 1048576K
}
Event: 4.749 GC heap before
{Heap before GC invocations=6 (full 1):
 PSYoungGen      total 124928K, used 115688K [0x0000000775f80000, 0x000000077e280000, 0x00000007c0000000)
  eden space 115712K, 99% used [0x0000000775f80000,0x000000077d07a258,0x000000077d080000)
  from space 9216K, 0% used [0x000000077d980000,0x000000077d980000,0x000000077e280000)
  to   space 9216K, 0% used [0x000000077d080000,0x000000077d080000,0x000000077d980000)
 ParOldGen       total 90624K, used 6941K [0x00000006e1e00000, 0x00000006e7680000, 0x0000000775f80000)
  object space 90624K, 7% used [0x00000006e1e00000,0x00000006e24c7558,0x00000006e7680000)
 Metaspace       used 28722K, capacity 30780K, committed 31104K, reserved 1077248K
  class space    used 3734K, capacity 4106K, committed 4224K, reserved 1048576K
Event: 4.767 GC heap after
Heap after GC invocations=6 (full 1):
 PSYoungGen      total 124928K, used 9192K [0x0000000775f80000, 0x0000000782600000, 0x00000007c0000000)
  eden space 115712K, 0% used [0x0000000775f80000,0x0000000775f80000,0x000000077d080000)
  from space 9216K, 99% used [0x000000077d080000,0x000000077d97a2a0,0x000000077d980000)
  to   space 13312K, 0% used [0x0000000781900000,0x0000000781900000,0x0000000782600000)
 ParOldGen       total 90624K, used 9820K [0x00000006e1e00000, 0x00000006e7680000, 0x0000000775f80000)
  object space 90624K, 10% used [0x00000006e1e00000,0x00000006e2797050,0x00000006e7680000)
 Metaspace       used 28722K, capacity 30780K, committed 31104K, reserved 1077248K
  class space    used 3734K, capacity 4106K, committed 4224K, reserved 1048576K
}
Event: 5.962 GC heap before
{Heap before GC invocations=7 (full 1):
 PSYoungGen      total 124928K, used 124904K [0x0000000775f80000, 0x0000000782600000, 0x00000007c0000000)
  eden space 115712K, 100% used [0x0000000775f80000,0x000000077d080000,0x000000077d080000)
  from space 9216K, 99% used [0x000000077d080000,0x000000077d97a2a0,0x000000077d980000)
  to   space 13312K, 0% used [0x0000000781900000,0x0000000781900000,0x0000000782600000)
 ParOldGen       total 90624K, used 9820K [0x00000006e1e00000, 0x00000006e7680000, 0x0000000775f80000)
  object space 90624K, 10% used [0x00000006e1e00000,0x00000006e2797050,0x00000006e7680000)
 Metaspace       used 33075K, capacity 35292K, committed 35416K, reserved 1079296K
  class space    used 4290K, capacity 4682K, committed 4736K, reserved 1048576K
Event: 5.975 GC heap after
Heap after GC invocations=7 (full 1):
 PSYoungGen      total 184832K, used 10197K [0x0000000775f80000, 0x0000000782400000, 0x00000007c0000000)
  eden space 173568K, 0% used [0x0000000775f80000,0x0000000775f80000,0x0000000780900000)
  from space 11264K, 90% used [0x0000000781900000,0x00000007822f5400,0x0000000782400000)
  to   space 13824K, 0% used [0x0000000780900000,0x0000000780900000,0x0000000781680000)
 ParOldGen       total 90624K, used 9828K [0x00000006e1e00000, 0x00000006e7680000, 0x0000000775f80000)
  object space 90624K, 10% used [0x00000006e1e00000,0x00000006e2799050,0x00000006e7680000)
 Metaspace       used 33075K, capacity 35292K, committed 35416K, reserved 1079296K
  class space    used 4290K, capacity 4682K, committed 4736K, reserved 1048576K
}
Event: 5.995 GC heap before
{Heap before GC invocations=8 (full 1):
 PSYoungGen      total 184832K, used 13450K [0x0000000775f80000, 0x0000000782400000, 0x00000007c0000000)
  eden space 173568K, 1% used [0x0000000775f80000,0x00000007762ad6e8,0x0000000780900000)
  from space 11264K, 90% used [0x0000000781900000,0x00000007822f5400,0x0000000782400000)
  to   space 13824K, 0% used [0x0000000780900000,0x0000000780900000,0x0000000781680000)
 ParOldGen       total 90624K, used 9828K [0x00000006e1e00000, 0x00000006e7680000, 0x0000000775f80000)
  object space 90624K, 10% used [0x00000006e1e00000,0x00000006e2799050,0x00000006e7680000)
 Metaspace       used 33110K, capacity 35304K, committed 35416K, reserved 1079296K
  class space    used 4293K, capacity 4684K, committed 4736K, reserved 1048576K
Event: 6.004 GC heap after
Heap after GC invocations=8 (full 1):
 PSYoungGen      total 187392K, used 7604K [0x0000000775f80000, 0x0000000782400000, 0x00000007c0000000)
  eden space 173568K, 0% used [0x0000000775f80000,0x0000000775f80000,0x0000000780900000)
  from space 13824K, 55% used [0x0000000780900000,0x000000078106d040,0x0000000781680000)
  to   space 11264K, 0% used [0x0000000781900000,0x0000000781900000,0x0000000782400000)
 ParOldGen       total 90624K, used 9836K [0x00000006e1e00000, 0x00000006e7680000, 0x0000000775f80000)
  object space 90624K, 10% used [0x00000006e1e00000,0x00000006e279b050,0x00000006e7680000)
 Metaspace       used 33110K, capacity 35304K, committed 35416K, reserved 1079296K
  class space    used 4293K, capacity 4684K, committed 4736K, reserved 1048576K
}
Event: 6.004 GC heap before
{Heap before GC invocations=9 (full 2):
 PSYoungGen      total 187392K, used 7604K [0x0000000775f80000, 0x0000000782400000, 0x00000007c0000000)
  eden space 173568K, 0% used [0x0000000775f80000,0x0000000775f80000,0x0000000780900000)
  from space 13824K, 55% used [0x0000000780900000,0x000000078106d040,0x0000000781680000)
  to   space 11264K, 0% used [0x0000000781900000,0x0000000781900000,0x0000000782400000)
 ParOldGen       total 90624K, used 9836K [0x00000006e1e00000, 0x00000006e7680000, 0x0000000775f80000)
  object space 90624K, 10% used [0x00000006e1e00000,0x00000006e279b050,0x00000006e7680000)
 Metaspace       used 33110K, capacity 35304K, committed 35416K, reserved 1079296K
  class space    used 4293K, capacity 4684K, committed 4736K, reserved 1048576K
Event: 6.057 GC heap after
Heap after GC invocations=9 (full 2):
 PSYoungGen      total 187392K, used 0K [0x0000000775f80000, 0x0000000782400000, 0x00000007c0000000)
  eden space 173568K, 0% used [0x0000000775f80000,0x0000000775f80000,0x0000000780900000)
  from space 13824K, 0% used [0x0000000780900000,0x0000000780900000,0x0000000781680000)
  to   space 11264K, 0% used [0x0000000781900000,0x0000000781900000,0x0000000782400000)
 ParOldGen       total 112128K, used 12639K [0x00000006e1e00000, 0x00000006e8b80000, 0x0000000775f80000)
  object space 112128K, 11% used [0x00000006e1e00000,0x00000006e2a57cb0,0x00000006e8b80000)
 Metaspace       used 33110K, capacity 35304K, committed 35416K, reserved 1079296K
  class space    used 4293K, capacity 4684K, committed 4736K, reserved 1048576K
}

